<?xml version="1.0" encoding="UTF-8"?>
<testsuite name="SemanticAnalysisTests" tests="1" skipped="0" failures="0" errors="0" timestamp="2021-04-12T10:12:25" hostname="LAPTOP-TPLG6GOL" time="0.185">
  <properties/>
  <testcase name="testLiteralsAndUnary" classname="SemanticAnalysisTests" time="0.185"/>
  <system-out><![CDATA[]]></system-out>
  <system-err><![CDATA[]]></system-err>
</testsuite>
