<?xml version="1.0" encoding="UTF-8"?>
<testsuite name="SemanticAnalysisTests" tests="1" skipped="0" failures="0" errors="0" timestamp="2021-04-13T11:11:20" hostname="DESKTOP-PFGGQBH" time="0.157">
  <properties/>
  <testcase name="testLetDecl" classname="SemanticAnalysisTests" time="0.157"/>
  <system-out><![CDATA[Int
let Int x
Float
let Float x
Int
let Int x
Int
let Int x
assignement of Int with Int
String
let String x
assignement of String with String
HERE
Float
Bool
let Float x
let Bool x
Bool
Bool
let Bool x
let Bool y
assignement of Bool with Bool
Float
let Float x
assignement of Float with Bool
Bool
let Bool x
assignement of Bool with Int
Int
let Int x
]]></system-out>
  <system-err><![CDATA[]]></system-err>
</testsuite>
