<?xml version="1.0" encoding="UTF-8"?>
<testsuite name="TMTests" tests="1" skipped="0" failures="1" errors="0" timestamp="2021-03-12T13:15:29" hostname="DESKTOP-PFGGQBH" time="0.078">
  <properties/>
  <testcase name="testAdd" classname="TMTests" time="0.078">
    <failure message="java.lang.AssertionError: Exception thrown at position 1:4&#10;class java.lang.IndexOutOfBoundsException: Amount [3invalid for stack size [2]&#10;&#10;Parser trace:&#10;    at    1:1   in root&#10;    at    1:1   in choice(fct_definition, fct_call_expr, statement, let_def_state)&#10;    at    1:1   in statement&#10;    at    1:1   in choice(compound_state, while_state, if_state, let_def_state, expr_state, return_state)&#10;    at    1:1   in expr_state&#10;    at    1:1   in sequence(expr, SEMICOL)&#10;    at    1:1   in expr&#10;    at    1:1   in choice(fct_call_expr, entire_binary_expr, entire_unary_expr, compound_expr, value)&#10;    at    1:1   in entire_binary_expr&#10;    at    1:1   in repeat(push(sequence(expr_bis, choice(boolean_binary_expr, number_binary_expr), expr_bis)), 0)&#10;    at    1:1   in push(sequence(expr_bis, choice(boolean_binary_expr, number_binary_expr), expr_bis))&#10;&#10;Thrown: java.lang.IndexOutOfBoundsException: Amount [3invalid for stack size [2]&#13;&#10;&#9;at norswap.autumn.util.ArrayStack.pop(ArrayStack.java:189)&#13;&#10;&#9;at norswap.autumn.SideEffectingArrayStack.lambda$pop$6(SideEffectingArrayStack.java:79)&#13;&#10;&#9;at norswap.autumn.SideEffect.apply(SideEffect.java:44)&#13;&#10;&#9;at norswap.autumn.Log.apply(Log.java:30)&#13;&#10;&#9;at norswap.autumn.SideEffectingArrayStack.pop(SideEffectingArrayStack.java:78)&#13;&#10;&#9;at norswap.autumn.SideEffectingArrayStack.popFrom(SideEffectingArrayStack.java:96)&#13;&#10;&#9;at norswap.autumn.parsers.Collect.doparse(Collect.java:106)&#13;&#10;&#9;at norswap.autumn.Parser.parse(Parser.java:117)&#13;&#10;&#9;at norswap.autumn.parsers.Repeat.doparse(Repeat.java:50)&#13;&#10;&#9;at norswap.autumn.Parser.parse(Parser.java:117)&#13;&#10;&#9;at norswap.autumn.parsers.LazyParser.doparse(LazyParser.java:57)&#13;&#10;&#9;at norswap.autumn.Parser.parse(Parser.java:117)&#13;&#10;&#9;at norswap.autumn.parsers.Choice.doparse(Choice.java:41)&#13;&#10;&#9;at norswap.autumn.Parser.parse(Parser.java:117)&#13;&#10;&#9;at norswap.autumn.parsers.LazyParser.doparse(LazyParser.java:57)&#13;&#10;&#9;at norswap.autumn.Parser.parse(Parser.java:117)&#13;&#10;&#9;at norswap.autumn.parsers.Sequence.doparse(Sequence.java:41)&#13;&#10;&#9;at norswap.autumn.Parser.parse(Parser.java:117)&#13;&#10;&#9;at norswap.autumn.parsers.LazyParser.doparse(LazyParser.java:57)&#13;&#10;&#9;at norswap.autumn.Parser.parse(Parser.java:117)&#13;&#10;&#9;at norswap.autumn.parsers.Choice.doparse(Choice.java:41)&#13;&#10;&#9;at norswap.autumn.Parser.parse(Parser.java:117)&#13;&#10;&#9;at norswap.autumn.parsers.LazyParser.doparse(LazyParser.java:57)&#13;&#10;&#9;at norswap.autumn.Parser.parse(Parser.java:117)&#13;&#10;&#9;at norswap.autumn.parsers.Choice.doparse(Choice.java:41)&#13;&#10;&#9;at norswap.autumn.Parser.parse(Parser.java:117)&#13;&#10;&#9;at norswap.autumn.parsers.LazyParser.doparse(LazyParser.java:57)&#13;&#10;&#9;at norswap.autumn.Parser.parse(Parser.java:117)&#13;&#10;&#9;at norswap.autumn.Parse.run(Parse.java:242)&#13;&#10;&#9;at norswap.autumn.Autumn.parse(Autumn.java:52)&#13;&#10;&#9;at norswap.autumn.Autumn.parse(Autumn.java:92)&#13;&#10;&#9;at norswap.autumn.TestFixture.parse(TestFixture.java:189)&#13;&#10;&#9;at norswap.autumn.TestFixture.run(TestFixture.java:208)&#13;&#10;&#9;at norswap.autumn.TestFixture.prefixInternal(TestFixture.java:248)&#13;&#10;&#9;at norswap.autumn.TestFixture.success(TestFixture.java:367)&#13;&#10;&#9;at norswap.autumn.TestFixture.successExpect(TestFixture.java:391)&#13;&#10;&#9;at norswap.autumn.TestFixture.successExpect(TestFixture.java:406)&#13;&#10;&#9;at TMTests.testAdd(TMTests.java:482)&#13;&#10;&#9;at java.base/jdk.internal.reflect.NativeMethodAccessorImpl.invoke0(Native Method)&#13;&#10;&#9;at java.base/jdk.internal.reflect.NativeMethodAccessorImpl.invoke(NativeMethodAccessorImpl.java:62)&#13;&#10;&#9;at java.base/jdk.internal.reflect.DelegatingMethodAccessorImpl.invoke(DelegatingMethodAccessorImpl.java:43)&#13;&#10;&#9;at java.base/java.lang.reflect.Method.invoke(Method.java:566)&#13;&#10;&#9;at org.testng.internal.MethodInvocationHelper.invokeMethod(MethodInvocationHelper.java:132)&#13;&#10;&#9;at org.testng.internal.TestInvoker.invokeMethod(TestInvoker.java:599)&#13;&#10;&#9;at org.testng.internal.TestInvoker.invokeTestMethod(TestInvoker.java:174)&#13;&#10;&#9;at org.testng.internal.MethodRunner.runInSequence(MethodRunner.java:46)&#13;&#10;&#9;at org.testng.internal.TestInvoker$MethodInvocationAgent.invoke(TestInvoker.java:822)&#13;&#10;&#9;at org.testng.internal.TestInvoker.invokeTestMethods(TestInvoker.java:147)&#13;&#10;&#9;at org.testng.internal.TestMethodWorker.invokeTestMethods(TestMethodWorker.java:146)&#13;&#10;&#9;at org.testng.internal.TestMethodWorker.run(TestMethodWorker.java:128)&#13;&#10;&#9;at java.base/java.util.ArrayList.forEach(ArrayList.java:1541)&#13;&#10;&#9;at org.testng.TestRunner.privateRun(TestRunner.java:764)&#13;&#10;&#9;at org.testng.TestRunner.run(TestRunner.java:585)&#13;&#10;&#9;at org.testng.SuiteRunner.runTest(SuiteRunner.java:384)&#13;&#10;&#9;at org.testng.SuiteRunner.runSequentially(SuiteRunner.java:378)&#13;&#10;&#9;at org.testng.SuiteRunner.privateRun(SuiteRunner.java:337)&#13;&#10;&#9;at org.testng.SuiteRunner.run(SuiteRunner.java:286)&#13;&#10;&#9;at org.testng.SuiteRunnerWorker.runSuite(SuiteRunnerWorker.java:53)&#13;&#10;&#9;at org.testng.SuiteRunnerWorker.run(SuiteRunnerWorker.java:96)&#13;&#10;&#9;at org.testng.TestNG.runSuitesSequentially(TestNG.java:1218)&#13;&#10;&#9;at org.testng.TestNG.runSuitesLocally(TestNG.java:1140)&#13;&#10;&#9;at org.testng.TestNG.runSuites(TestNG.java:1069)&#13;&#10;&#9;at org.testng.TestNG.run(TestNG.java:1037)&#13;&#10;&#9;at org.gradle.api.internal.tasks.testing.testng.TestNGTestClassProcessor.runTests(TestNGTestClassProcessor.java:141)&#13;&#10;&#9;at org.gradle.api.internal.tasks.testing.testng.TestNGTestClassProcessor.stop(TestNGTestClassProcessor.java:90)&#13;&#10;&#9;at org.gradle.api.internal.tasks.testing.SuiteTestClassProcessor.stop(SuiteTestClassProcessor.java:61)&#13;&#10;&#9;at java.base/jdk.internal.reflect.NativeMethodAccessorImpl.invoke0(Native Method)&#13;&#10;&#9;at java.base/jdk.internal.reflect.NativeMethodAccessorImpl.invoke(NativeMethodAccessorImpl.java:62)&#13;&#10;&#9;at java.base/jdk.internal.reflect.DelegatingMethodAccessorImpl.invoke(DelegatingMethodAccessorImpl.java:43)&#13;&#10;&#9;at java.base/java.lang.reflect.Method.invoke(Method.java:566)&#13;&#10;&#9;at org.gradle.internal.dispatch.ReflectionDispatch.dispatch(ReflectionDispatch.java:36)&#13;&#10;&#9;at org.gradle.internal.dispatch.ReflectionDispatch.dispatch(ReflectionDispatch.java:24)&#13;&#10;&#9;at org.gradle.internal.dispatch.ContextClassLoaderDispatch.dispatch(ContextClassLoaderDispatch.java:33)&#13;&#10;&#9;at org.gradle.internal.dispatch.ProxyDispatchAdapter$DispatchingInvocationHandler.invoke(ProxyDispatchAdapter.java:94)&#13;&#10;&#9;at com.sun.proxy.$Proxy2.stop(Unknown Source)&#13;&#10;&#9;at org.gradle.api.internal.tasks.testing.worker.TestWorker.stop(TestWorker.java:133)&#13;&#10;&#9;at java.base/jdk.internal.reflect.NativeMethodAccessorImpl.invoke0(Native Method)&#13;&#10;&#9;at java.base/jdk.internal.reflect.NativeMethodAccessorImpl.invoke(NativeMethodAccessorImpl.java:62)&#13;&#10;&#9;at java.base/jdk.internal.reflect.DelegatingMethodAccessorImpl.invoke(DelegatingMethodAccessorImpl.java:43)&#13;&#10;&#9;at java.base/java.lang.reflect.Method.invoke(Method.java:566)&#13;&#10;&#9;at org.gradle.internal.dispatch.ReflectionDispatch.dispatch(ReflectionDispatch.java:36)&#13;&#10;&#9;at org.gradle.internal.dispatch.ReflectionDispatch.dispatch(ReflectionDispatch.java:24)&#13;&#10;&#9;at org.gradle.internal.remote.internal.hub.MessageHubBackedObjectConnection$DispatchWrapper.dispatch(MessageHubBackedObjectConnection.java:182)&#13;&#10;&#9;at org.gradle.internal.remote.internal.hub.MessageHubBackedObjectConnection$DispatchWrapper.dispatch(MessageHubBackedObjectConnection.java:164)&#13;&#10;&#9;at org.gradle.internal.remote.internal.hub.MessageHub$Handler.run(MessageHub.java:414)&#13;&#10;&#9;at org.gradle.internal.concurrent.ExecutorPolicy$CatchAndRecordFailures.onExecute(ExecutorPolicy.java:64)&#13;&#10;&#9;at org.gradle.internal.concurrent.ManagedExecutorImpl$1.run(ManagedExecutorImpl.java:48)&#13;&#10;&#9;at java.base/java.util.concurrent.ThreadPoolExecutor.runWorker(ThreadPoolExecutor.java:1128)&#13;&#10;&#9;at java.base/java.util.concurrent.ThreadPoolExecutor$Worker.run(ThreadPoolExecutor.java:628)&#13;&#10;&#9;at org.gradle.internal.concurrent.ThreadFactoryImpl$ManagedThreadRunnable.run(ThreadFactoryImpl.java:56)&#13;&#10;&#9;at java.base/java.lang.Thread.run(Thread.java:834)&#13;&#10;&#10;------" type="java.lang.AssertionError">java.lang.AssertionError: Exception thrown at position 1:4
class java.lang.IndexOutOfBoundsException: Amount [3invalid for stack size [2]

Parser trace:
    at    1:1   in root
    at    1:1   in choice(fct_definition, fct_call_expr, statement, let_def_state)
    at    1:1   in statement
    at    1:1   in choice(compound_state, while_state, if_state, let_def_state, expr_state, return_state)
    at    1:1   in expr_state
    at    1:1   in sequence(expr, SEMICOL)
    at    1:1   in expr
    at    1:1   in choice(fct_call_expr, entire_binary_expr, entire_unary_expr, compound_expr, value)
    at    1:1   in entire_binary_expr
    at    1:1   in repeat(push(sequence(expr_bis, choice(boolean_binary_expr, number_binary_expr), expr_bis)), 0)
    at    1:1   in push(sequence(expr_bis, choice(boolean_binary_expr, number_binary_expr), expr_bis))

Thrown: java.lang.IndexOutOfBoundsException: Amount [3invalid for stack size [2]
	at norswap.autumn.util.ArrayStack.pop(ArrayStack.java:189)
	at norswap.autumn.SideEffectingArrayStack.lambda$pop$6(SideEffectingArrayStack.java:79)
	at norswap.autumn.SideEffect.apply(SideEffect.java:44)
	at norswap.autumn.Log.apply(Log.java:30)
	at norswap.autumn.SideEffectingArrayStack.pop(SideEffectingArrayStack.java:78)
	at norswap.autumn.SideEffectingArrayStack.popFrom(SideEffectingArrayStack.java:96)
	at norswap.autumn.parsers.Collect.doparse(Collect.java:106)
	at norswap.autumn.Parser.parse(Parser.java:117)
	at norswap.autumn.parsers.Repeat.doparse(Repeat.java:50)
	at norswap.autumn.Parser.parse(Parser.java:117)
	at norswap.autumn.parsers.LazyParser.doparse(LazyParser.java:57)
	at norswap.autumn.Parser.parse(Parser.java:117)
	at norswap.autumn.parsers.Choice.doparse(Choice.java:41)
	at norswap.autumn.Parser.parse(Parser.java:117)
	at norswap.autumn.parsers.LazyParser.doparse(LazyParser.java:57)
	at norswap.autumn.Parser.parse(Parser.java:117)
	at norswap.autumn.parsers.Sequence.doparse(Sequence.java:41)
	at norswap.autumn.Parser.parse(Parser.java:117)
	at norswap.autumn.parsers.LazyParser.doparse(LazyParser.java:57)
	at norswap.autumn.Parser.parse(Parser.java:117)
	at norswap.autumn.parsers.Choice.doparse(Choice.java:41)
	at norswap.autumn.Parser.parse(Parser.java:117)
	at norswap.autumn.parsers.LazyParser.doparse(LazyParser.java:57)
	at norswap.autumn.Parser.parse(Parser.java:117)
	at norswap.autumn.parsers.Choice.doparse(Choice.java:41)
	at norswap.autumn.Parser.parse(Parser.java:117)
	at norswap.autumn.parsers.LazyParser.doparse(LazyParser.java:57)
	at norswap.autumn.Parser.parse(Parser.java:117)
	at norswap.autumn.Parse.run(Parse.java:242)
	at norswap.autumn.Autumn.parse(Autumn.java:52)
	at norswap.autumn.Autumn.parse(Autumn.java:92)
	at norswap.autumn.TestFixture.parse(TestFixture.java:189)
	at norswap.autumn.TestFixture.run(TestFixture.java:208)
	at norswap.autumn.TestFixture.prefixInternal(TestFixture.java:248)
	at norswap.autumn.TestFixture.success(TestFixture.java:367)
	at norswap.autumn.TestFixture.successExpect(TestFixture.java:391)
	at norswap.autumn.TestFixture.successExpect(TestFixture.java:406)
	at TMTests.testAdd(TMTests.java:482)
	at java.base/jdk.internal.reflect.NativeMethodAccessorImpl.invoke0(Native Method)
	at java.base/jdk.internal.reflect.NativeMethodAccessorImpl.invoke(NativeMethodAccessorImpl.java:62)
	at java.base/jdk.internal.reflect.DelegatingMethodAccessorImpl.invoke(DelegatingMethodAccessorImpl.java:43)
	at java.base/java.lang.reflect.Method.invoke(Method.java:566)
	at org.testng.internal.MethodInvocationHelper.invokeMethod(MethodInvocationHelper.java:132)
	at org.testng.internal.TestInvoker.invokeMethod(TestInvoker.java:599)
	at org.testng.internal.TestInvoker.invokeTestMethod(TestInvoker.java:174)
	at org.testng.internal.MethodRunner.runInSequence(MethodRunner.java:46)
	at org.testng.internal.TestInvoker$MethodInvocationAgent.invoke(TestInvoker.java:822)
	at org.testng.internal.TestInvoker.invokeTestMethods(TestInvoker.java:147)
	at org.testng.internal.TestMethodWorker.invokeTestMethods(TestMethodWorker.java:146)
	at org.testng.internal.TestMethodWorker.run(TestMethodWorker.java:128)
	at java.base/java.util.ArrayList.forEach(ArrayList.java:1541)
	at org.testng.TestRunner.privateRun(TestRunner.java:764)
	at org.testng.TestRunner.run(TestRunner.java:585)
	at org.testng.SuiteRunner.runTest(SuiteRunner.java:384)
	at org.testng.SuiteRunner.runSequentially(SuiteRunner.java:378)
	at org.testng.SuiteRunner.privateRun(SuiteRunner.java:337)
	at org.testng.SuiteRunner.run(SuiteRunner.java:286)
	at org.testng.SuiteRunnerWorker.runSuite(SuiteRunnerWorker.java:53)
	at org.testng.SuiteRunnerWorker.run(SuiteRunnerWorker.java:96)
	at org.testng.TestNG.runSuitesSequentially(TestNG.java:1218)
	at org.testng.TestNG.runSuitesLocally(TestNG.java:1140)
	at org.testng.TestNG.runSuites(TestNG.java:1069)
	at org.testng.TestNG.run(TestNG.java:1037)
	at org.gradle.api.internal.tasks.testing.testng.TestNGTestClassProcessor.runTests(TestNGTestClassProcessor.java:141)
	at org.gradle.api.internal.tasks.testing.testng.TestNGTestClassProcessor.stop(TestNGTestClassProcessor.java:90)
	at org.gradle.api.internal.tasks.testing.SuiteTestClassProcessor.stop(SuiteTestClassProcessor.java:61)
	at java.base/jdk.internal.reflect.NativeMethodAccessorImpl.invoke0(Native Method)
	at java.base/jdk.internal.reflect.NativeMethodAccessorImpl.invoke(NativeMethodAccessorImpl.java:62)
	at java.base/jdk.internal.reflect.DelegatingMethodAccessorImpl.invoke(DelegatingMethodAccessorImpl.java:43)
	at java.base/java.lang.reflect.Method.invoke(Method.java:566)
	at org.gradle.internal.dispatch.ReflectionDispatch.dispatch(ReflectionDispatch.java:36)
	at org.gradle.internal.dispatch.ReflectionDispatch.dispatch(ReflectionDispatch.java:24)
	at org.gradle.internal.dispatch.ContextClassLoaderDispatch.dispatch(ContextClassLoaderDispatch.java:33)
	at org.gradle.internal.dispatch.ProxyDispatchAdapter$DispatchingInvocationHandler.invoke(ProxyDispatchAdapter.java:94)
	at com.sun.proxy.$Proxy2.stop(Unknown Source)
	at org.gradle.api.internal.tasks.testing.worker.TestWorker.stop(TestWorker.java:133)
	at java.base/jdk.internal.reflect.NativeMethodAccessorImpl.invoke0(Native Method)
	at java.base/jdk.internal.reflect.NativeMethodAccessorImpl.invoke(NativeMethodAccessorImpl.java:62)
	at java.base/jdk.internal.reflect.DelegatingMethodAccessorImpl.invoke(DelegatingMethodAccessorImpl.java:43)
	at java.base/java.lang.reflect.Method.invoke(Method.java:566)
	at org.gradle.internal.dispatch.ReflectionDispatch.dispatch(ReflectionDispatch.java:36)
	at org.gradle.internal.dispatch.ReflectionDispatch.dispatch(ReflectionDispatch.java:24)
	at org.gradle.internal.remote.internal.hub.MessageHubBackedObjectConnection$DispatchWrapper.dispatch(MessageHubBackedObjectConnection.java:182)
	at org.gradle.internal.remote.internal.hub.MessageHubBackedObjectConnection$DispatchWrapper.dispatch(MessageHubBackedObjectConnection.java:164)
	at org.gradle.internal.remote.internal.hub.MessageHub$Handler.run(MessageHub.java:414)
	at org.gradle.internal.concurrent.ExecutorPolicy$CatchAndRecordFailures.onExecute(ExecutorPolicy.java:64)
	at org.gradle.internal.concurrent.ManagedExecutorImpl$1.run(ManagedExecutorImpl.java:48)
	at java.base/java.util.concurrent.ThreadPoolExecutor.runWorker(ThreadPoolExecutor.java:1128)
	at java.base/java.util.concurrent.ThreadPoolExecutor$Worker.run(ThreadPoolExecutor.java:628)
	at org.gradle.internal.concurrent.ThreadFactoryImpl$ManagedThreadRunnable.run(ThreadFactoryImpl.java:56)
	at java.base/java.lang.Thread.run(Thread.java:834)

------
	at TMTests.testAdd(TMTests.java:482)
</failure>
  </testcase>
  <system-out><![CDATA[]]></system-out>
  <system-err><![CDATA[Parse failed, but value stack is not empty: [1.0, 2.0]
Parse failed, but value stack is not empty: [1.0, 2.0]
]]></system-err>
</testsuite>
