<?xml version="1.0" encoding="UTF-8"?>
<testsuite name="InterpreterTests" tests="1" skipped="0" failures="0" errors="0" timestamp="2021-05-13T10:28:07" hostname="LAPTOP-TPLG6GOL" time="0.189">
  <properties/>
  <testcase name="testPrint" classname="InterpreterTests" time="0.189"/>
  <system-out><![CDATA[The reference "print" was indeed in the map as Void
The reference "rprint" was indeed in the map as Void
]]></system-out>
  <system-err><![CDATA[]]></system-err>
</testsuite>
