<?xml version="1.0" encoding="UTF-8"?>
<testsuite name="TMTests" tests="1" skipped="0" failures="0" errors="0" timestamp="2021-03-12T08:48:05" hostname="LAPTOP-TPLG6GOL" time="0.177">
  <properties/>
  <testcase name="testEntireUnaryExpr" classname="TMTests" time="0.177"/>
  <system-out><![CDATA[]]></system-out>
  <system-err><![CDATA[]]></system-err>
</testsuite>
