<?xml version="1.0" encoding="UTF-8"?>
<testsuite name="SemanticAnalysisTests" tests="1" skipped="0" failures="0" errors="0" timestamp="2021-04-26T10:20:54" hostname="DESKTOP-PFGGQBH" time="0.14">
  <properties/>
  <testcase name="testStructAccess" classname="SemanticAnalysisTests" time="0.14"/>
  <system-out><![CDATA[The reference "People" was indeed in the map like People
The current map is {People##ofAge=Bool, print=Void, rprint=Void, tibo=People, People##size=Float, People=People, People##age=Int}
The reference "tibo" was indeed in the map like People
The reference "tibo" was indeed in the map like People
The current map is {People##ofAge=Bool, print=Void, rprint=Void, tibo=People, People##size=Float, People=People, People##age=Int, myAge=Int}
TMSemantic.constructor
expected People and got People
Assignement of (Int) tibo.age with (Int) 22
expected Int and got Int
]]></system-out>
  <system-err><![CDATA[]]></system-err>
</testsuite>
